INFO [2025-12-11 13:52:33] $x
INFO [2025-12-11 13:52:33] venn_sets_nonempty
INFO [2025-12-11 13:52:33] 
INFO [2025-12-11 13:52:33] $filename
INFO [2025-12-11 13:52:33] NULL
INFO [2025-12-11 13:52:33] 
INFO [2025-12-11 13:52:33] $fill
INFO [2025-12-11 13:52:33] c("#E41A1C", "#377EB8", "#4DAF4A")
INFO [2025-12-11 13:52:33] 
INFO [2025-12-11 13:52:33] $alpha
INFO [2025-12-11 13:52:33] [1] 0.6
INFO [2025-12-11 13:52:33] 
INFO [2025-12-11 13:52:33] $cex
INFO [2025-12-11 13:52:33] [1] 1.5
INFO [2025-12-11 13:52:33] 
INFO [2025-12-11 13:52:33] $cat.cex
INFO [2025-12-11 13:52:33] [1] 1.5
INFO [2025-12-11 13:52:33] 
INFO [2025-12-11 13:52:33] $cat.fontface
INFO [2025-12-11 13:52:33] [1] "bold"
INFO [2025-12-11 13:52:33] 
INFO [2025-12-11 13:52:33] $margin
INFO [2025-12-11 13:52:33] [1] 0.1
INFO [2025-12-11 13:52:33] 
