INFO [2025-12-11 14:00:59] $x
INFO [2025-12-11 14:00:59] venn_sets_nonempty
INFO [2025-12-11 14:00:59] 
INFO [2025-12-11 14:00:59] $filename
INFO [2025-12-11 14:00:59] NULL
INFO [2025-12-11 14:00:59] 
INFO [2025-12-11 14:00:59] $fill
INFO [2025-12-11 14:00:59] c("#E41A1C", "#377EB8", "#4DAF4A")
INFO [2025-12-11 14:00:59] 
INFO [2025-12-11 14:00:59] $alpha
INFO [2025-12-11 14:00:59] [1] 0.6
INFO [2025-12-11 14:00:59] 
INFO [2025-12-11 14:00:59] $cex
INFO [2025-12-11 14:00:59] [1] 1.5
INFO [2025-12-11 14:00:59] 
INFO [2025-12-11 14:00:59] $cat.cex
INFO [2025-12-11 14:00:59] [1] 1.5
INFO [2025-12-11 14:00:59] 
INFO [2025-12-11 14:00:59] $cat.fontface
INFO [2025-12-11 14:00:59] [1] "bold"
INFO [2025-12-11 14:00:59] 
INFO [2025-12-11 14:00:59] $margin
INFO [2025-12-11 14:00:59] [1] 0.1
INFO [2025-12-11 14:00:59] 
