INFO [2025-12-11 13:56:10] $x
INFO [2025-12-11 13:56:10] venn_sets_nonempty
INFO [2025-12-11 13:56:10] 
INFO [2025-12-11 13:56:10] $filename
INFO [2025-12-11 13:56:10] NULL
INFO [2025-12-11 13:56:10] 
INFO [2025-12-11 13:56:10] $fill
INFO [2025-12-11 13:56:10] c("#E41A1C", "#377EB8", "#4DAF4A")
INFO [2025-12-11 13:56:10] 
INFO [2025-12-11 13:56:10] $alpha
INFO [2025-12-11 13:56:10] [1] 0.6
INFO [2025-12-11 13:56:10] 
INFO [2025-12-11 13:56:10] $cex
INFO [2025-12-11 13:56:10] [1] 1.5
INFO [2025-12-11 13:56:10] 
INFO [2025-12-11 13:56:10] $cat.cex
INFO [2025-12-11 13:56:10] [1] 1.5
INFO [2025-12-11 13:56:10] 
INFO [2025-12-11 13:56:10] $cat.fontface
INFO [2025-12-11 13:56:10] [1] "bold"
INFO [2025-12-11 13:56:10] 
INFO [2025-12-11 13:56:10] $margin
INFO [2025-12-11 13:56:10] [1] 0.1
INFO [2025-12-11 13:56:10] 
